#0 building with "desktop-linux" instance using docker driver

#1 [internal] load build definition from Dockerfile
#1 transferring dockerfile: 704B done
#1 DONE 0.0s

#2 [auth] library/maven:pull token for registry-1.docker.io
#2 DONE 0.0s

#3 [auth] library/eclipse-temurin:pull token for registry-1.docker.io
#3 DONE 0.0s

#4 [internal] load metadata for docker.io/library/maven:3.9.8-eclipse-temurin-17
#4 DONE 0.7s

#5 [internal] load metadata for docker.io/library/eclipse-temurin:17-jre
#5 DONE 0.7s

#6 [internal] load .dockerignore
#6 transferring context: 2B done
#6 DONE 0.0s

#7 [build 1/7] FROM docker.io/library/maven:3.9.8-eclipse-temurin-17@sha256:d62e34e458c64b13e7a38ec055264082b4235a1ea2c3b3d881ad04d6ca20311e
#7 DONE 0.0s

#8 [stage-1 1/3] FROM docker.io/library/eclipse-temurin:17-jre@sha256:696817d4fb79b9c442e84e18483d8345dd2d0b6710546344e5eb182bd3153333
#8 DONE 0.0s

#9 [stage-1 2/3] WORKDIR /app
#9 CACHED

#10 [build 2/7] WORKDIR /app
#10 CACHED

#11 [internal] load build context
#11 transferring context: 1.54kB done
#11 DONE 0.0s

#12 [build 3/7] COPY pom.xml .
#12 DONE 0.0s

#13 [build 4/7] RUN mvn -q -e -DskipTests dependency:go-offline
#13 DONE 48.0s

#14 [build 5/7] COPY src ./src
#14 DONE 0.0s

#15 [build 6/7] RUN mvn -q -DskipTests clean package spring-boot:repackage
#15 DONE 4.5s

#16 [build 7/7] RUN set -eux;     JAR_FILE=$(ls target/*-exec.jar | head -n 1);     echo "Using $JAR_FILE";     cp "$JAR_FILE" /app/app.jar
#16 0.110 + ls target/iquiz-server-java-1.0.0-exec.jar
#16 0.110 + head -n 1
#16 0.110 + JAR_FILE=target/iquiz-server-java-1.0.0-exec.jar
#16 0.110 + echo Using target/iquiz-server-java-1.0.0-exec.jar
#16 0.110 + cp target/iquiz-server-java-1.0.0-exec.jar /app/app.jar
#16 0.110 Using target/iquiz-server-java-1.0.0-exec.jar
#16 DONE 0.1s

#17 [stage-1 3/3] COPY --from=build /app/app.jar /app/app.jar
#17 DONE 0.0s

#18 exporting to image
#18 exporting layers 0.0s done
#18 writing image sha256:382742a239130e258846b13124efb3a29c55c2856637a9c0441717569e08af1d done
#18 naming to docker.io/library/iquiz-server-java
#18 naming to docker.io/library/iquiz-server-java done
#18 DONE 0.0s

View build details: docker-desktop://dashboard/build/desktop-linux/desktop-linux/sm61sttjyr1kux1443t8zwbu5
